<?xml version="1.0" encoding="UTF-8"?>
<!-- Generated by org.testng.reporters.JUnitReportReporter -->
<testsuite hostname="01-18-yehezikhabeatrix" failures="0" tests="1" name="TestCase1" time="1.506" errors="0" timestamp="14 Feb 2023 03:53:05 GMT">
  <testcase classname="TestCase1" name="firstTry" time="1.506"/>
</testsuite> <!-- TestCase1 -->
